2024-04-19 19:47:55.841 UTC [1] LOG:  starting PostgreSQL 16.1 (Debian 16.1-1.pgdg120+1) on x86_64-pc-linux-gnu, compiled by gcc (Debian 12.2.0-14) 12.2.0, 64-bit
2024-04-19 19:47:55.841 UTC [1] LOG:  listening on IPv4 address "0.0.0.0", port 5432
2024-04-19 19:47:55.841 UTC [1] LOG:  listening on IPv6 address "::", port 5432
2024-04-19 19:47:55.848 UTC [1] LOG:  listening on Unix socket "/var/run/postgresql/.s.PGSQL.5432"
2024-04-19 19:47:55.955 UTC [30] LOG:  database system was interrupted; last known up at 2024-04-19 19:47:50 UTC
2024-04-19 19:47:55.979 UTC [30] LOG:  database system was not properly shut down; automatic recovery in progress
2024-04-19 19:47:56.095 UTC [30] LOG:  invalid record length at 0/19B1B48: expected at least 24, got 0
2024-04-19 19:47:56.095 UTC [30] LOG:  redo is not required
2024-04-19 19:47:56.226 UTC [28] LOG:  checkpoint starting: end-of-recovery immediate wait
2024-04-19 19:47:56.413 UTC [28] LOG:  checkpoint complete: wrote 3 buffers (0.0%); 0 WAL file(s) added, 0 removed, 0 recycled; write=0.061 s, sync=0.001 s, total=0.193 s; sync files=0, longest=0.000 s, average=0.000 s; distance=0 kB, estimate=0 kB; lsn=0/19B1B48, redo lsn=0/19B1B48
2024-04-19 19:47:56.434 UTC [1] LOG:  database system is ready to accept connections
2024-04-19 19:50:56.676 UTC [34] LOG:  execute <unnamed>: SET extra_float_digits = 3
2024-04-19 19:50:56.677 UTC [34] LOG:  execute <unnamed>: SET application_name = 'PostgreSQL JDBC Driver'
2024-04-19 19:50:58.467 UTC [35] LOG:  execute <unnamed>: SET extra_float_digits = 3
2024-04-19 19:50:58.467 UTC [35] LOG:  execute <unnamed>: SET application_name = 'PostgreSQL JDBC Driver'
2024-04-19 19:51:10.285 UTC [36] LOG:  execute <unnamed>: SET extra_float_digits = 3
2024-04-19 19:51:10.286 UTC [36] LOG:  execute <unnamed>: SET application_name = 'PostgreSQL JDBC Driver'
2024-04-19 19:51:15.033 UTC [37] LOG:  execute <unnamed>: SET extra_float_digits = 3
2024-04-19 19:51:15.033 UTC [37] LOG:  execute <unnamed>: SET application_name = 'PostgreSQL JDBC Driver'
2024-04-19 19:51:21.577 UTC [38] LOG:  execute <unnamed>: SET extra_float_digits = 3
2024-04-19 19:51:21.577 UTC [38] LOG:  execute <unnamed>: SET application_name = 'PostgreSQL JDBC Driver'
2024-04-19 19:51:24.071 UTC [39] LOG:  execute <unnamed>: SET extra_float_digits = 3
2024-04-19 19:51:24.071 UTC [39] LOG:  execute <unnamed>: SET application_name = 'PostgreSQL JDBC Driver'
2024-04-19 19:51:26.133 UTC [40] LOG:  execute <unnamed>: SET extra_float_digits = 3
2024-04-19 19:51:26.134 UTC [40] LOG:  execute <unnamed>: SET application_name = 'PostgreSQL JDBC Driver'
2024-04-19 19:51:28.583 UTC [41] LOG:  execute <unnamed>: SET extra_float_digits = 3
2024-04-19 19:51:28.584 UTC [41] LOG:  execute <unnamed>: SET application_name = 'PostgreSQL JDBC Driver'
2024-04-19 19:51:32.281 UTC [42] LOG:  execute <unnamed>: SET extra_float_digits = 3
2024-04-19 19:51:32.282 UTC [42] LOG:  execute <unnamed>: SET application_name = 'PostgreSQL JDBC Driver'
2024-04-19 19:51:35.902 UTC [43] LOG:  execute <unnamed>: SET extra_float_digits = 3
2024-04-19 19:51:35.902 UTC [43] LOG:  execute <unnamed>: SET application_name = 'PostgreSQL JDBC Driver'
2024-04-19 20:20:23.312 UTC [73] LOG:  execute <unnamed>: SET extra_float_digits = 3
2024-04-19 20:20:23.312 UTC [73] LOG:  execute <unnamed>: SET application_name = 'PostgreSQL JDBC Driver'
2024-04-19 20:20:23.591 UTC [74] LOG:  execute <unnamed>: SET extra_float_digits = 3
2024-04-19 20:20:23.591 UTC [74] LOG:  execute <unnamed>: SET application_name = 'PostgreSQL JDBC Driver'
2024-04-19 20:20:43.414 UTC [75] LOG:  execute <unnamed>: SET extra_float_digits = 3
2024-04-19 20:20:43.414 UTC [75] LOG:  execute <unnamed>: SET application_name = 'PostgreSQL JDBC Driver'
2024-04-19 20:20:43.819 UTC [76] LOG:  execute <unnamed>: SET extra_float_digits = 3
2024-04-19 20:20:43.820 UTC [76] LOG:  execute <unnamed>: SET application_name = 'PostgreSQL JDBC Driver'
2024-04-19 20:20:58.258 UTC [78] LOG:  execute <unnamed>: SET extra_float_digits = 3
2024-04-19 20:20:58.259 UTC [78] LOG:  execute <unnamed>: SET application_name = 'PostgreSQL JDBC Driver'
2024-04-19 20:21:00.661 UTC [79] LOG:  execute <unnamed>: SET extra_float_digits = 3
2024-04-19 20:21:00.661 UTC [79] LOG:  execute <unnamed>: SET application_name = 'PostgreSQL JDBC Driver'
2024-04-19 20:21:03.712 UTC [80] LOG:  execute <unnamed>: SET extra_float_digits = 3
2024-04-19 20:21:03.712 UTC [80] LOG:  execute <unnamed>: SET application_name = 'PostgreSQL JDBC Driver'
2024-04-19 20:21:12.305 UTC [81] LOG:  execute <unnamed>: SET extra_float_digits = 3
2024-04-19 20:21:12.305 UTC [81] LOG:  execute <unnamed>: SET application_name = 'PostgreSQL JDBC Driver'
2024-04-19 20:21:19.840 UTC [82] LOG:  execute <unnamed>: SET extra_float_digits = 3
2024-04-19 20:21:19.840 UTC [82] LOG:  execute <unnamed>: SET application_name = 'PostgreSQL JDBC Driver'
2024-04-19 20:21:23.011 UTC [83] LOG:  execute <unnamed>: SET extra_float_digits = 3
2024-04-19 20:21:23.011 UTC [83] LOG:  execute <unnamed>: SET application_name = 'PostgreSQL JDBC Driver'
