2024-04-18 19:12:26.241 UTC [1] LOG:  starting PostgreSQL 16.1 (Debian 16.1-1.pgdg120+1) on x86_64-pc-linux-gnu, compiled by gcc (Debian 12.2.0-14) 12.2.0, 64-bit
2024-04-18 19:12:26.241 UTC [1] LOG:  listening on IPv4 address "0.0.0.0", port 5432
2024-04-18 19:12:26.241 UTC [1] LOG:  listening on IPv6 address "::", port 5432
2024-04-18 19:12:26.244 UTC [1] LOG:  listening on Unix socket "/var/run/postgresql/.s.PGSQL.5432"
2024-04-18 19:12:26.275 UTC [30] LOG:  database system was shut down at 2024-04-18 19:11:11 UTC
2024-04-18 19:12:26.316 UTC [1] LOG:  database system is ready to accept connections
2024-04-18 19:12:37.806 UTC [34] LOG:  execute <unnamed>: SET extra_float_digits = 3
2024-04-18 19:12:37.807 UTC [34] LOG:  execute <unnamed>: SET application_name = 'PostgreSQL JDBC Driver'
2024-04-18 19:12:37.835 UTC [34] LOG:  execute <unnamed>: SHOW TRANSACTION ISOLATION LEVEL
2024-04-18 19:12:37.870 UTC [34] LOG:  execute <unnamed>: select string_agg(word, ',') from pg_catalog.pg_get_keywords() where word <> ALL ('{a,abs,absolute,action,ada,add,admin,after,all,allocate,alter,always,and,any,are,array,as,asc,asensitive,assertion,assignment,asymmetric,at,atomic,attribute,attributes,authorization,avg,before,begin,bernoulli,between,bigint,binary,blob,boolean,both,breadth,by,c,call,called,cardinality,cascade,cascaded,case,cast,catalog,catalog_name,ceil,ceiling,chain,char,char_length,character,character_length,character_set_catalog,character_set_name,character_set_schema,characteristics,characters,check,checked,class_origin,clob,close,coalesce,cobol,code_units,collate,collation,collation_catalog,collation_name,collation_schema,collect,column,column_name,command_function,command_function_code,commit,committed,condition,condition_number,connect,connection_name,constraint,constraint_catalog,constraint_name,constraint_schema,constraints,constructors,contains,continue,convert,corr,corresponding,count,covar_pop,covar_samp,create,cross,cube,cume_dist,current,current_collation,current_date,current_default_transform_group,current_path,current_role,current_time,current_timestamp,current_transform_group_for_type,current_user,cursor,cursor_name,cycle,data,date,datetime_interval_code,datetime_interval_precision,day,deallocate,dec,decimal,declare,default,defaults,deferrable,deferred,defined,definer,degree,delete,dense_rank,depth,deref,derived,desc,describe,descriptor,deterministic,diagnostics,disconnect,dispatch,distinct,domain,double,drop,dynamic,dynamic_function,dynamic_function_code,each,element,else,end,end-exec,equals,escape,every,except,exception,exclude,excluding,exec,execute,exists,exp,external,extract,false,fetch,filter,final,first,float,floor,following,for,foreign,fortran,found,free,from,full,function,fusion,g,general,get,global,go,goto,grant,granted,group,grouping,having,hierarchy,hold,hour,identity,immediate,implementation,in,including,increment,indicator,initially,inner,inout,input,insensitive,insert,instance,instantiable,int,integer,intersect,intersection,interval,into,invoker,is,isolation,join,k,key,key_member,key_type,language,large,last,lateral,leading,left,length,level,like,ln,local,localtime,localtimestamp,locator,lower,m,map,match,matched,max,maxvalue,member,merge,message_length,message_octet_length,message_text,method,min,minute,minvalue,mod,modifies,module,month,more,multiset,mumps,name,names,national,natural,nchar,nclob,nesting,new,next,no,none,normalize,normalized,not,"null",nullable,nullif,nulls,number,numeric,object,octet_length,octets,of,old,on,only,open,option,options,or,order,ordering,ordinality,others,out,outer,output,over,overlaps,overlay,overriding,pad,parameter,parameter_mode,parameter_name,parameter_ordinal_position,parameter_specific_catalog,parameter_specific_name,parameter_specific_schema,partial,partition,pascal,path,percent_rank,percentile_cont,percentile_disc,placing,pli,position,power,preceding,precision,prepare,preserve,primary,prior,privileges,procedure,public,range,rank,read,reads,real,recursive,ref,references,referencing,regr_avgx,regr_avgy,regr_count,regr_intercept,regr_r2,regr_slope,regr_sxx,regr_sxy,regr_syy,relative,release,repeatable,restart,result,return,returned_cardinality,returned_length,returned_octet_length,returned_sqlstate,returns,revoke,right,role,rollback,rollup,routine,routine_catalog,routine_name,routine_schema,row,row_count,row_number,rows,savepoint,scale,schema,schema_name,scope_catalog,scope_name,scope_schema,scroll,search,second,section,security,select,self,sensitive,sequence,serializable,server_name,session,session_user,set,sets,similar,simple,size,smallint,some,source,space,specific,specific_name,specifictype,sql,sqlexception,sqlstate,sqlwarning,sqrt,start,state,statement,static,stddev_pop,stddev_samp,structure,style,subclass_origin,submultiset,substring,sum,symmetric,system,system_user,table,table_name,tablesample,temporary,then,ties,time,timestamp,timezone_hour,timezone_minute,to,top_level_count,trailing,transaction,transaction_active,transactions_committed,transactions_rolled_back,transform,transforms,translate,translation,treat,trigger,trigger_catalog,trigger_name,trigger_schema,trim,true,type,uescape,unbounded,uncommitted,under,union,unique,unknown,unnamed,unnest,update,upper,usage,user,user_defined_type_catalog,user_defined_type_code,user_defined_type_name,user_defined_type_schema,using,value,values,var_pop,var_samp,varchar,varying,view,when,whenever,where,width_bucket,window,with,within,without,work,write,year,zone}'::text[])
2024-04-18 19:12:37.900 UTC [34] LOG:  execute <unnamed>: select current_schema()
2024-04-18 19:12:37.903 UTC [34] LOG:  execute <unnamed>: select current_schema()
2024-04-18 19:12:37.969 UTC [35] LOG:  execute <unnamed>: SET extra_float_digits = 3
2024-04-18 19:12:37.969 UTC [35] LOG:  execute <unnamed>: SET application_name = 'PostgreSQL JDBC Driver'
2024-04-18 19:12:38.027 UTC [36] LOG:  execute <unnamed>: SET extra_float_digits = 3
2024-04-18 19:12:38.028 UTC [36] LOG:  execute <unnamed>: SET application_name = 'PostgreSQL JDBC Driver'
2024-04-18 19:12:38.073 UTC [37] LOG:  execute <unnamed>: SET extra_float_digits = 3
2024-04-18 19:12:38.074 UTC [37] LOG:  execute <unnamed>: SET application_name = 'PostgreSQL JDBC Driver'
2024-04-18 19:12:38.110 UTC [38] LOG:  execute <unnamed>: SET extra_float_digits = 3
2024-04-18 19:12:38.111 UTC [38] LOG:  execute <unnamed>: SET application_name = 'PostgreSQL JDBC Driver'
2024-04-18 19:12:38.160 UTC [39] LOG:  execute <unnamed>: SET extra_float_digits = 3
2024-04-18 19:12:38.161 UTC [39] LOG:  execute <unnamed>: SET application_name = 'PostgreSQL JDBC Driver'
2024-04-18 19:12:38.200 UTC [40] LOG:  execute <unnamed>: SET extra_float_digits = 3
2024-04-18 19:12:38.200 UTC [40] LOG:  execute <unnamed>: SET application_name = 'PostgreSQL JDBC Driver'
2024-04-18 19:12:38.230 UTC [41] LOG:  execute <unnamed>: SET extra_float_digits = 3
2024-04-18 19:12:38.231 UTC [41] LOG:  execute <unnamed>: SET application_name = 'PostgreSQL JDBC Driver'
2024-04-18 19:12:38.262 UTC [42] LOG:  execute <unnamed>: SET extra_float_digits = 3
2024-04-18 19:12:38.263 UTC [42] LOG:  execute <unnamed>: SET application_name = 'PostgreSQL JDBC Driver'
2024-04-18 19:12:38.306 UTC [43] LOG:  execute <unnamed>: SET extra_float_digits = 3
2024-04-18 19:12:38.307 UTC [43] LOG:  execute <unnamed>: SET application_name = 'PostgreSQL JDBC Driver'
2024-04-18 19:12:38.532 UTC [34] LOG:  execute <unnamed>: select * from information_schema.sequences
2024-04-18 19:12:38.546 UTC [34] LOG:  execute <unnamed>: SELECT NULL AS TABLE_CAT, n.nspname AS TABLE_SCHEM, c.relname AS TABLE_NAME,  CASE n.nspname ~ '^pg_' OR n.nspname = 'information_schema'  WHEN true THEN CASE  WHEN n.nspname = 'pg_catalog' OR n.nspname = 'information_schema' THEN CASE c.relkind   WHEN 'r' THEN 'SYSTEM TABLE'   WHEN 'v' THEN 'SYSTEM VIEW'   WHEN 'i' THEN 'SYSTEM INDEX'   ELSE NULL   END  WHEN n.nspname = 'pg_toast' THEN CASE c.relkind   WHEN 'r' THEN 'SYSTEM TOAST TABLE'   WHEN 'i' THEN 'SYSTEM TOAST INDEX'   ELSE NULL   END  ELSE CASE c.relkind   WHEN 'r' THEN 'TEMPORARY TABLE'   WHEN 'p' THEN 'TEMPORARY TABLE'   WHEN 'i' THEN 'TEMPORARY INDEX'   WHEN 'S' THEN 'TEMPORARY SEQUENCE'   WHEN 'v' THEN 'TEMPORARY VIEW'   ELSE NULL   END  END  WHEN false THEN CASE c.relkind  WHEN 'r' THEN 'TABLE'  WHEN 'p' THEN 'PARTITIONED TABLE'  WHEN 'i' THEN 'INDEX'  WHEN 'P' then 'PARTITIONED INDEX'  WHEN 'S' THEN 'SEQUENCE'  WHEN 'v' THEN 'VIEW'  WHEN 'c' THEN 'TYPE'  WHEN 'f' THEN 'FOREIGN TABLE'  WHEN 'm' THEN 'MATERIALIZED VIEW'  ELSE NULL  END  ELSE NULL  END  AS TABLE_TYPE, d.description AS REMARKS,  '' as TYPE_CAT, '' as TYPE_SCHEM, '' as TYPE_NAME, '' AS SELF_REFERENCING_COL_NAME, '' AS REF_GENERATION  FROM pg_catalog.pg_namespace n, pg_catalog.pg_class c  LEFT JOIN pg_catalog.pg_description d ON (c.oid = d.objoid AND d.objsubid = 0  and d.classoid = 'pg_class'::regclass)  WHERE c.relnamespace = n.oid  AND n.nspname LIKE 'public' AND c.relname LIKE '%' AND (false  OR ( c.relkind = 'r' AND n.nspname !~ '^pg_' AND n.nspname <> 'information_schema' )  OR ( c.relkind = 'v' AND n.nspname <> 'pg_catalog' AND n.nspname <> 'information_schema' )  OR ( c.relkind = 'm' )  OR ( c.relkind = 'p' AND n.nspname !~ '^pg_' AND n.nspname <> 'information_schema' ) )  ORDER BY TABLE_TYPE,TABLE_SCHEM,TABLE_NAME 
2024-04-18 19:12:38.554 UTC [34] LOG:  execute <unnamed>: SELECT * FROM (SELECT n.nspname,c.relname,a.attname,a.atttypid,a.attnotnull OR (t.typtype = 'd' AND t.typnotnull) AS attnotnull,a.atttypmod,a.attlen,t.typtypmod,row_number() OVER (PARTITION BY a.attrelid ORDER BY a.attnum) AS attnum, nullif(a.attidentity, '') as attidentity,nullif(a.attgenerated, '') as attgenerated,pg_catalog.pg_get_expr(def.adbin, def.adrelid) AS adsrc,dsc.description,t.typbasetype,t.typtype  FROM pg_catalog.pg_namespace n  JOIN pg_catalog.pg_class c ON (c.relnamespace = n.oid)  JOIN pg_catalog.pg_attribute a ON (a.attrelid=c.oid)  JOIN pg_catalog.pg_type t ON (a.atttypid = t.oid)  LEFT JOIN pg_catalog.pg_attrdef def ON (a.attrelid=def.adrelid AND a.attnum = def.adnum)  LEFT JOIN pg_catalog.pg_description dsc ON (c.oid=dsc.objoid AND a.attnum = dsc.objsubid)  LEFT JOIN pg_catalog.pg_class dc ON (dc.oid=dsc.classoid AND dc.relname='pg_class')  LEFT JOIN pg_catalog.pg_namespace dn ON (dc.relnamespace=dn.oid AND dn.nspname='pg_catalog')  WHERE c.relkind in ('r','p','v','f','m') and a.attnum > 0 AND NOT a.attisdropped  AND n.nspname LIKE 'public') c WHERE true  AND attname LIKE '%' ORDER BY nspname,c.relname,attnum 
2024-04-18 19:15:07.716 UTC [49] LOG:  execute <unnamed>: SET extra_float_digits = 3
2024-04-18 19:15:07.716 UTC [49] LOG:  execute <unnamed>: SET application_name = 'PostgreSQL JDBC Driver'
2024-04-18 19:15:07.748 UTC [49] LOG:  execute <unnamed>: SHOW TRANSACTION ISOLATION LEVEL
2024-04-18 19:15:07.764 UTC [49] LOG:  execute <unnamed>: select string_agg(word, ',') from pg_catalog.pg_get_keywords() where word <> ALL ('{a,abs,absolute,action,ada,add,admin,after,all,allocate,alter,always,and,any,are,array,as,asc,asensitive,assertion,assignment,asymmetric,at,atomic,attribute,attributes,authorization,avg,before,begin,bernoulli,between,bigint,binary,blob,boolean,both,breadth,by,c,call,called,cardinality,cascade,cascaded,case,cast,catalog,catalog_name,ceil,ceiling,chain,char,char_length,character,character_length,character_set_catalog,character_set_name,character_set_schema,characteristics,characters,check,checked,class_origin,clob,close,coalesce,cobol,code_units,collate,collation,collation_catalog,collation_name,collation_schema,collect,column,column_name,command_function,command_function_code,commit,committed,condition,condition_number,connect,connection_name,constraint,constraint_catalog,constraint_name,constraint_schema,constraints,constructors,contains,continue,convert,corr,corresponding,count,covar_pop,covar_samp,create,cross,cube,cume_dist,current,current_collation,current_date,current_default_transform_group,current_path,current_role,current_time,current_timestamp,current_transform_group_for_type,current_user,cursor,cursor_name,cycle,data,date,datetime_interval_code,datetime_interval_precision,day,deallocate,dec,decimal,declare,default,defaults,deferrable,deferred,defined,definer,degree,delete,dense_rank,depth,deref,derived,desc,describe,descriptor,deterministic,diagnostics,disconnect,dispatch,distinct,domain,double,drop,dynamic,dynamic_function,dynamic_function_code,each,element,else,end,end-exec,equals,escape,every,except,exception,exclude,excluding,exec,execute,exists,exp,external,extract,false,fetch,filter,final,first,float,floor,following,for,foreign,fortran,found,free,from,full,function,fusion,g,general,get,global,go,goto,grant,granted,group,grouping,having,hierarchy,hold,hour,identity,immediate,implementation,in,including,increment,indicator,initially,inner,inout,input,insensitive,insert,instance,instantiable,int,integer,intersect,intersection,interval,into,invoker,is,isolation,join,k,key,key_member,key_type,language,large,last,lateral,leading,left,length,level,like,ln,local,localtime,localtimestamp,locator,lower,m,map,match,matched,max,maxvalue,member,merge,message_length,message_octet_length,message_text,method,min,minute,minvalue,mod,modifies,module,month,more,multiset,mumps,name,names,national,natural,nchar,nclob,nesting,new,next,no,none,normalize,normalized,not,"null",nullable,nullif,nulls,number,numeric,object,octet_length,octets,of,old,on,only,open,option,options,or,order,ordering,ordinality,others,out,outer,output,over,overlaps,overlay,overriding,pad,parameter,parameter_mode,parameter_name,parameter_ordinal_position,parameter_specific_catalog,parameter_specific_name,parameter_specific_schema,partial,partition,pascal,path,percent_rank,percentile_cont,percentile_disc,placing,pli,position,power,preceding,precision,prepare,preserve,primary,prior,privileges,procedure,public,range,rank,read,reads,real,recursive,ref,references,referencing,regr_avgx,regr_avgy,regr_count,regr_intercept,regr_r2,regr_slope,regr_sxx,regr_sxy,regr_syy,relative,release,repeatable,restart,result,return,returned_cardinality,returned_length,returned_octet_length,returned_sqlstate,returns,revoke,right,role,rollback,rollup,routine,routine_catalog,routine_name,routine_schema,row,row_count,row_number,rows,savepoint,scale,schema,schema_name,scope_catalog,scope_name,scope_schema,scroll,search,second,section,security,select,self,sensitive,sequence,serializable,server_name,session,session_user,set,sets,similar,simple,size,smallint,some,source,space,specific,specific_name,specifictype,sql,sqlexception,sqlstate,sqlwarning,sqrt,start,state,statement,static,stddev_pop,stddev_samp,structure,style,subclass_origin,submultiset,substring,sum,symmetric,system,system_user,table,table_name,tablesample,temporary,then,ties,time,timestamp,timezone_hour,timezone_minute,to,top_level_count,trailing,transaction,transaction_active,transactions_committed,transactions_rolled_back,transform,transforms,translate,translation,treat,trigger,trigger_catalog,trigger_name,trigger_schema,trim,true,type,uescape,unbounded,uncommitted,under,union,unique,unknown,unnamed,unnest,update,upper,usage,user,user_defined_type_catalog,user_defined_type_code,user_defined_type_name,user_defined_type_schema,using,value,values,var_pop,var_samp,varchar,varying,view,when,whenever,where,width_bucket,window,with,within,without,work,write,year,zone}'::text[])
2024-04-18 19:15:07.802 UTC [49] LOG:  execute <unnamed>: select current_schema()
2024-04-18 19:15:07.803 UTC [49] LOG:  execute <unnamed>: select current_schema()
2024-04-18 19:15:07.893 UTC [50] LOG:  execute <unnamed>: SET extra_float_digits = 3
2024-04-18 19:15:07.894 UTC [50] LOG:  execute <unnamed>: SET application_name = 'PostgreSQL JDBC Driver'
2024-04-18 19:15:07.941 UTC [51] LOG:  execute <unnamed>: SET extra_float_digits = 3
2024-04-18 19:15:07.942 UTC [51] LOG:  execute <unnamed>: SET application_name = 'PostgreSQL JDBC Driver'
2024-04-18 19:15:07.977 UTC [52] LOG:  execute <unnamed>: SET extra_float_digits = 3
2024-04-18 19:15:07.978 UTC [52] LOG:  execute <unnamed>: SET application_name = 'PostgreSQL JDBC Driver'
2024-04-18 19:15:08.004 UTC [53] LOG:  execute <unnamed>: SET extra_float_digits = 3
2024-04-18 19:15:08.005 UTC [53] LOG:  execute <unnamed>: SET application_name = 'PostgreSQL JDBC Driver'
2024-04-18 19:15:08.036 UTC [54] LOG:  execute <unnamed>: SET extra_float_digits = 3
2024-04-18 19:15:08.037 UTC [54] LOG:  execute <unnamed>: SET application_name = 'PostgreSQL JDBC Driver'
2024-04-18 19:15:08.067 UTC [55] LOG:  execute <unnamed>: SET extra_float_digits = 3
2024-04-18 19:15:08.067 UTC [55] LOG:  execute <unnamed>: SET application_name = 'PostgreSQL JDBC Driver'
2024-04-18 19:15:08.100 UTC [56] LOG:  execute <unnamed>: SET extra_float_digits = 3
2024-04-18 19:15:08.101 UTC [56] LOG:  execute <unnamed>: SET application_name = 'PostgreSQL JDBC Driver'
2024-04-18 19:15:08.129 UTC [57] LOG:  execute <unnamed>: SET extra_float_digits = 3
2024-04-18 19:15:08.130 UTC [57] LOG:  execute <unnamed>: SET application_name = 'PostgreSQL JDBC Driver'
2024-04-18 19:15:08.162 UTC [58] LOG:  execute <unnamed>: SET extra_float_digits = 3
2024-04-18 19:15:08.163 UTC [58] LOG:  execute <unnamed>: SET application_name = 'PostgreSQL JDBC Driver'
2024-04-18 19:15:08.382 UTC [49] LOG:  execute <unnamed>: select * from information_schema.sequences
2024-04-18 19:15:08.391 UTC [49] LOG:  execute <unnamed>: SELECT NULL AS TABLE_CAT, n.nspname AS TABLE_SCHEM, c.relname AS TABLE_NAME,  CASE n.nspname ~ '^pg_' OR n.nspname = 'information_schema'  WHEN true THEN CASE  WHEN n.nspname = 'pg_catalog' OR n.nspname = 'information_schema' THEN CASE c.relkind   WHEN 'r' THEN 'SYSTEM TABLE'   WHEN 'v' THEN 'SYSTEM VIEW'   WHEN 'i' THEN 'SYSTEM INDEX'   ELSE NULL   END  WHEN n.nspname = 'pg_toast' THEN CASE c.relkind   WHEN 'r' THEN 'SYSTEM TOAST TABLE'   WHEN 'i' THEN 'SYSTEM TOAST INDEX'   ELSE NULL   END  ELSE CASE c.relkind   WHEN 'r' THEN 'TEMPORARY TABLE'   WHEN 'p' THEN 'TEMPORARY TABLE'   WHEN 'i' THEN 'TEMPORARY INDEX'   WHEN 'S' THEN 'TEMPORARY SEQUENCE'   WHEN 'v' THEN 'TEMPORARY VIEW'   ELSE NULL   END  END  WHEN false THEN CASE c.relkind  WHEN 'r' THEN 'TABLE'  WHEN 'p' THEN 'PARTITIONED TABLE'  WHEN 'i' THEN 'INDEX'  WHEN 'P' then 'PARTITIONED INDEX'  WHEN 'S' THEN 'SEQUENCE'  WHEN 'v' THEN 'VIEW'  WHEN 'c' THEN 'TYPE'  WHEN 'f' THEN 'FOREIGN TABLE'  WHEN 'm' THEN 'MATERIALIZED VIEW'  ELSE NULL  END  ELSE NULL  END  AS TABLE_TYPE, d.description AS REMARKS,  '' as TYPE_CAT, '' as TYPE_SCHEM, '' as TYPE_NAME, '' AS SELF_REFERENCING_COL_NAME, '' AS REF_GENERATION  FROM pg_catalog.pg_namespace n, pg_catalog.pg_class c  LEFT JOIN pg_catalog.pg_description d ON (c.oid = d.objoid AND d.objsubid = 0  and d.classoid = 'pg_class'::regclass)  WHERE c.relnamespace = n.oid  AND n.nspname LIKE 'public' AND c.relname LIKE '%' AND (false  OR ( c.relkind = 'r' AND n.nspname !~ '^pg_' AND n.nspname <> 'information_schema' )  OR ( c.relkind = 'v' AND n.nspname <> 'pg_catalog' AND n.nspname <> 'information_schema' )  OR ( c.relkind = 'm' )  OR ( c.relkind = 'p' AND n.nspname !~ '^pg_' AND n.nspname <> 'information_schema' ) )  ORDER BY TABLE_TYPE,TABLE_SCHEM,TABLE_NAME 
2024-04-18 19:15:08.399 UTC [49] LOG:  execute <unnamed>: SELECT * FROM (SELECT n.nspname,c.relname,a.attname,a.atttypid,a.attnotnull OR (t.typtype = 'd' AND t.typnotnull) AS attnotnull,a.atttypmod,a.attlen,t.typtypmod,row_number() OVER (PARTITION BY a.attrelid ORDER BY a.attnum) AS attnum, nullif(a.attidentity, '') as attidentity,nullif(a.attgenerated, '') as attgenerated,pg_catalog.pg_get_expr(def.adbin, def.adrelid) AS adsrc,dsc.description,t.typbasetype,t.typtype  FROM pg_catalog.pg_namespace n  JOIN pg_catalog.pg_class c ON (c.relnamespace = n.oid)  JOIN pg_catalog.pg_attribute a ON (a.attrelid=c.oid)  JOIN pg_catalog.pg_type t ON (a.atttypid = t.oid)  LEFT JOIN pg_catalog.pg_attrdef def ON (a.attrelid=def.adrelid AND a.attnum = def.adnum)  LEFT JOIN pg_catalog.pg_description dsc ON (c.oid=dsc.objoid AND a.attnum = dsc.objsubid)  LEFT JOIN pg_catalog.pg_class dc ON (dc.oid=dsc.classoid AND dc.relname='pg_class')  LEFT JOIN pg_catalog.pg_namespace dn ON (dc.relnamespace=dn.oid AND dn.nspname='pg_catalog')  WHERE c.relkind in ('r','p','v','f','m') and a.attnum > 0 AND NOT a.attisdropped  AND n.nspname LIKE 'public') c WHERE true  AND attname LIKE '%' ORDER BY nspname,c.relname,attnum 
2024-04-18 19:17:26.293 UTC [28] LOG:  checkpoint starting: time
2024-04-18 19:17:26.323 UTC [28] LOG:  checkpoint complete: wrote 3 buffers (0.0%); 0 WAL file(s) added, 0 removed, 0 recycled; write=0.010 s, sync=0.001 s, total=0.030 s; sync files=0, longest=0.000 s, average=0.000 s; distance=0 kB, estimate=0 kB; lsn=0/19B1670, redo lsn=0/19B1638
2024-04-18 19:44:23.371 UTC [117] LOG:  execute <unnamed>: SET extra_float_digits = 3
2024-04-18 19:44:23.372 UTC [117] LOG:  execute <unnamed>: SET application_name = 'PostgreSQL JDBC Driver'
2024-04-18 19:44:23.926 UTC [118] LOG:  execute <unnamed>: SET extra_float_digits = 3
2024-04-18 19:44:23.927 UTC [118] LOG:  execute <unnamed>: SET application_name = 'PostgreSQL JDBC Driver'
2024-04-18 19:44:26.020 UTC [119] LOG:  execute <unnamed>: SET extra_float_digits = 3
2024-04-18 19:44:26.021 UTC [119] LOG:  execute <unnamed>: SET application_name = 'PostgreSQL JDBC Driver'
2024-04-18 19:44:26.610 UTC [120] LOG:  execute <unnamed>: SET extra_float_digits = 3
2024-04-18 19:44:26.611 UTC [120] LOG:  execute <unnamed>: SET application_name = 'PostgreSQL JDBC Driver'
2024-04-18 19:44:26.839 UTC [121] LOG:  execute <unnamed>: SET extra_float_digits = 3
2024-04-18 19:44:26.839 UTC [121] LOG:  execute <unnamed>: SET application_name = 'PostgreSQL JDBC Driver'
2024-04-18 19:44:32.714 UTC [123] LOG:  execute <unnamed>: SET extra_float_digits = 3
2024-04-18 19:44:32.715 UTC [123] LOG:  execute <unnamed>: SET application_name = 'PostgreSQL JDBC Driver'
2024-04-18 19:44:54.612 UTC [124] LOG:  execute <unnamed>: SET extra_float_digits = 3
2024-04-18 19:44:54.613 UTC [124] LOG:  execute <unnamed>: SET application_name = 'PostgreSQL JDBC Driver'
2024-04-18 19:44:58.998 UTC [126] LOG:  execute <unnamed>: SET extra_float_digits = 3
2024-04-18 19:44:58.999 UTC [126] LOG:  execute <unnamed>: SET application_name = 'PostgreSQL JDBC Driver'
2024-04-18 19:45:05.096 UTC [127] LOG:  execute <unnamed>: SET extra_float_digits = 3
2024-04-18 19:45:05.096 UTC [127] LOG:  execute <unnamed>: SET application_name = 'PostgreSQL JDBC Driver'
2024-04-18 19:45:05.432 UTC [128] LOG:  execute <unnamed>: SET extra_float_digits = 3
2024-04-18 19:45:05.433 UTC [128] LOG:  execute <unnamed>: SET application_name = 'PostgreSQL JDBC Driver'
2024-04-18 20:08:51.593 UTC [176] LOG:  execute <unnamed>: SET extra_float_digits = 3
2024-04-18 20:08:51.594 UTC [176] LOG:  execute <unnamed>: SET application_name = 'PostgreSQL JDBC Driver'
2024-04-18 20:08:51.613 UTC [176] LOG:  execute <unnamed>: SHOW TRANSACTION ISOLATION LEVEL
2024-04-18 20:08:51.632 UTC [176] LOG:  execute <unnamed>: select string_agg(word, ',') from pg_catalog.pg_get_keywords() where word <> ALL ('{a,abs,absolute,action,ada,add,admin,after,all,allocate,alter,always,and,any,are,array,as,asc,asensitive,assertion,assignment,asymmetric,at,atomic,attribute,attributes,authorization,avg,before,begin,bernoulli,between,bigint,binary,blob,boolean,both,breadth,by,c,call,called,cardinality,cascade,cascaded,case,cast,catalog,catalog_name,ceil,ceiling,chain,char,char_length,character,character_length,character_set_catalog,character_set_name,character_set_schema,characteristics,characters,check,checked,class_origin,clob,close,coalesce,cobol,code_units,collate,collation,collation_catalog,collation_name,collation_schema,collect,column,column_name,command_function,command_function_code,commit,committed,condition,condition_number,connect,connection_name,constraint,constraint_catalog,constraint_name,constraint_schema,constraints,constructors,contains,continue,convert,corr,corresponding,count,covar_pop,covar_samp,create,cross,cube,cume_dist,current,current_collation,current_date,current_default_transform_group,current_path,current_role,current_time,current_timestamp,current_transform_group_for_type,current_user,cursor,cursor_name,cycle,data,date,datetime_interval_code,datetime_interval_precision,day,deallocate,dec,decimal,declare,default,defaults,deferrable,deferred,defined,definer,degree,delete,dense_rank,depth,deref,derived,desc,describe,descriptor,deterministic,diagnostics,disconnect,dispatch,distinct,domain,double,drop,dynamic,dynamic_function,dynamic_function_code,each,element,else,end,end-exec,equals,escape,every,except,exception,exclude,excluding,exec,execute,exists,exp,external,extract,false,fetch,filter,final,first,float,floor,following,for,foreign,fortran,found,free,from,full,function,fusion,g,general,get,global,go,goto,grant,granted,group,grouping,having,hierarchy,hold,hour,identity,immediate,implementation,in,including,increment,indicator,initially,inner,inout,input,insensitive,insert,instance,instantiable,int,integer,intersect,intersection,interval,into,invoker,is,isolation,join,k,key,key_member,key_type,language,large,last,lateral,leading,left,length,level,like,ln,local,localtime,localtimestamp,locator,lower,m,map,match,matched,max,maxvalue,member,merge,message_length,message_octet_length,message_text,method,min,minute,minvalue,mod,modifies,module,month,more,multiset,mumps,name,names,national,natural,nchar,nclob,nesting,new,next,no,none,normalize,normalized,not,"null",nullable,nullif,nulls,number,numeric,object,octet_length,octets,of,old,on,only,open,option,options,or,order,ordering,ordinality,others,out,outer,output,over,overlaps,overlay,overriding,pad,parameter,parameter_mode,parameter_name,parameter_ordinal_position,parameter_specific_catalog,parameter_specific_name,parameter_specific_schema,partial,partition,pascal,path,percent_rank,percentile_cont,percentile_disc,placing,pli,position,power,preceding,precision,prepare,preserve,primary,prior,privileges,procedure,public,range,rank,read,reads,real,recursive,ref,references,referencing,regr_avgx,regr_avgy,regr_count,regr_intercept,regr_r2,regr_slope,regr_sxx,regr_sxy,regr_syy,relative,release,repeatable,restart,result,return,returned_cardinality,returned_length,returned_octet_length,returned_sqlstate,returns,revoke,right,role,rollback,rollup,routine,routine_catalog,routine_name,routine_schema,row,row_count,row_number,rows,savepoint,scale,schema,schema_name,scope_catalog,scope_name,scope_schema,scroll,search,second,section,security,select,self,sensitive,sequence,serializable,server_name,session,session_user,set,sets,similar,simple,size,smallint,some,source,space,specific,specific_name,specifictype,sql,sqlexception,sqlstate,sqlwarning,sqrt,start,state,statement,static,stddev_pop,stddev_samp,structure,style,subclass_origin,submultiset,substring,sum,symmetric,system,system_user,table,table_name,tablesample,temporary,then,ties,time,timestamp,timezone_hour,timezone_minute,to,top_level_count,trailing,transaction,transaction_active,transactions_committed,transactions_rolled_back,transform,transforms,translate,translation,treat,trigger,trigger_catalog,trigger_name,trigger_schema,trim,true,type,uescape,unbounded,uncommitted,under,union,unique,unknown,unnamed,unnest,update,upper,usage,user,user_defined_type_catalog,user_defined_type_code,user_defined_type_name,user_defined_type_schema,using,value,values,var_pop,var_samp,varchar,varying,view,when,whenever,where,width_bucket,window,with,within,without,work,write,year,zone}'::text[])
2024-04-18 20:08:51.655 UTC [176] LOG:  execute <unnamed>: select current_schema()
2024-04-18 20:08:51.656 UTC [176] LOG:  execute <unnamed>: select current_schema()
2024-04-18 20:08:51.748 UTC [177] LOG:  execute <unnamed>: SET extra_float_digits = 3
2024-04-18 20:08:51.749 UTC [177] LOG:  execute <unnamed>: SET application_name = 'PostgreSQL JDBC Driver'
2024-04-18 20:08:51.799 UTC [178] LOG:  execute <unnamed>: SET extra_float_digits = 3
2024-04-18 20:08:51.799 UTC [178] LOG:  execute <unnamed>: SET application_name = 'PostgreSQL JDBC Driver'
2024-04-18 20:08:51.844 UTC [179] LOG:  execute <unnamed>: SET extra_float_digits = 3
2024-04-18 20:08:51.845 UTC [179] LOG:  execute <unnamed>: SET application_name = 'PostgreSQL JDBC Driver'
2024-04-18 20:08:51.881 UTC [180] LOG:  execute <unnamed>: SET extra_float_digits = 3
2024-04-18 20:08:51.882 UTC [180] LOG:  execute <unnamed>: SET application_name = 'PostgreSQL JDBC Driver'
2024-04-18 20:08:51.915 UTC [181] LOG:  execute <unnamed>: SET extra_float_digits = 3
2024-04-18 20:08:51.917 UTC [181] LOG:  execute <unnamed>: SET application_name = 'PostgreSQL JDBC Driver'
2024-04-18 20:08:51.960 UTC [182] LOG:  execute <unnamed>: SET extra_float_digits = 3
2024-04-18 20:08:51.961 UTC [182] LOG:  execute <unnamed>: SET application_name = 'PostgreSQL JDBC Driver'
2024-04-18 20:08:52.004 UTC [183] LOG:  execute <unnamed>: SET extra_float_digits = 3
2024-04-18 20:08:52.004 UTC [183] LOG:  execute <unnamed>: SET application_name = 'PostgreSQL JDBC Driver'
2024-04-18 20:08:52.032 UTC [184] LOG:  execute <unnamed>: SET extra_float_digits = 3
2024-04-18 20:08:52.033 UTC [184] LOG:  execute <unnamed>: SET application_name = 'PostgreSQL JDBC Driver'
2024-04-18 20:08:52.066 UTC [185] LOG:  execute <unnamed>: SET extra_float_digits = 3
2024-04-18 20:08:52.067 UTC [185] LOG:  execute <unnamed>: SET application_name = 'PostgreSQL JDBC Driver'
2024-04-18 20:08:52.280 UTC [176] LOG:  execute <unnamed>: select * from information_schema.sequences
2024-04-18 20:08:52.290 UTC [176] LOG:  execute <unnamed>: SELECT NULL AS TABLE_CAT, n.nspname AS TABLE_SCHEM, c.relname AS TABLE_NAME,  CASE n.nspname ~ '^pg_' OR n.nspname = 'information_schema'  WHEN true THEN CASE  WHEN n.nspname = 'pg_catalog' OR n.nspname = 'information_schema' THEN CASE c.relkind   WHEN 'r' THEN 'SYSTEM TABLE'   WHEN 'v' THEN 'SYSTEM VIEW'   WHEN 'i' THEN 'SYSTEM INDEX'   ELSE NULL   END  WHEN n.nspname = 'pg_toast' THEN CASE c.relkind   WHEN 'r' THEN 'SYSTEM TOAST TABLE'   WHEN 'i' THEN 'SYSTEM TOAST INDEX'   ELSE NULL   END  ELSE CASE c.relkind   WHEN 'r' THEN 'TEMPORARY TABLE'   WHEN 'p' THEN 'TEMPORARY TABLE'   WHEN 'i' THEN 'TEMPORARY INDEX'   WHEN 'S' THEN 'TEMPORARY SEQUENCE'   WHEN 'v' THEN 'TEMPORARY VIEW'   ELSE NULL   END  END  WHEN false THEN CASE c.relkind  WHEN 'r' THEN 'TABLE'  WHEN 'p' THEN 'PARTITIONED TABLE'  WHEN 'i' THEN 'INDEX'  WHEN 'P' then 'PARTITIONED INDEX'  WHEN 'S' THEN 'SEQUENCE'  WHEN 'v' THEN 'VIEW'  WHEN 'c' THEN 'TYPE'  WHEN 'f' THEN 'FOREIGN TABLE'  WHEN 'm' THEN 'MATERIALIZED VIEW'  ELSE NULL  END  ELSE NULL  END  AS TABLE_TYPE, d.description AS REMARKS,  '' as TYPE_CAT, '' as TYPE_SCHEM, '' as TYPE_NAME, '' AS SELF_REFERENCING_COL_NAME, '' AS REF_GENERATION  FROM pg_catalog.pg_namespace n, pg_catalog.pg_class c  LEFT JOIN pg_catalog.pg_description d ON (c.oid = d.objoid AND d.objsubid = 0  and d.classoid = 'pg_class'::regclass)  WHERE c.relnamespace = n.oid  AND n.nspname LIKE 'public' AND c.relname LIKE '%' AND (false  OR ( c.relkind = 'r' AND n.nspname !~ '^pg_' AND n.nspname <> 'information_schema' )  OR ( c.relkind = 'v' AND n.nspname <> 'pg_catalog' AND n.nspname <> 'information_schema' )  OR ( c.relkind = 'm' )  OR ( c.relkind = 'p' AND n.nspname !~ '^pg_' AND n.nspname <> 'information_schema' ) )  ORDER BY TABLE_TYPE,TABLE_SCHEM,TABLE_NAME 
2024-04-18 20:08:52.300 UTC [176] LOG:  execute <unnamed>: SELECT * FROM (SELECT n.nspname,c.relname,a.attname,a.atttypid,a.attnotnull OR (t.typtype = 'd' AND t.typnotnull) AS attnotnull,a.atttypmod,a.attlen,t.typtypmod,row_number() OVER (PARTITION BY a.attrelid ORDER BY a.attnum) AS attnum, nullif(a.attidentity, '') as attidentity,nullif(a.attgenerated, '') as attgenerated,pg_catalog.pg_get_expr(def.adbin, def.adrelid) AS adsrc,dsc.description,t.typbasetype,t.typtype  FROM pg_catalog.pg_namespace n  JOIN pg_catalog.pg_class c ON (c.relnamespace = n.oid)  JOIN pg_catalog.pg_attribute a ON (a.attrelid=c.oid)  JOIN pg_catalog.pg_type t ON (a.atttypid = t.oid)  LEFT JOIN pg_catalog.pg_attrdef def ON (a.attrelid=def.adrelid AND a.attnum = def.adnum)  LEFT JOIN pg_catalog.pg_description dsc ON (c.oid=dsc.objoid AND a.attnum = dsc.objsubid)  LEFT JOIN pg_catalog.pg_class dc ON (dc.oid=dsc.classoid AND dc.relname='pg_class')  LEFT JOIN pg_catalog.pg_namespace dn ON (dc.relnamespace=dn.oid AND dn.nspname='pg_catalog')  WHERE c.relkind in ('r','p','v','f','m') and a.attnum > 0 AND NOT a.attisdropped  AND n.nspname LIKE 'public') c WHERE true  AND attname LIKE '%' ORDER BY nspname,c.relname,attnum 
2024-04-18 20:08:53.635 UTC [176] LOG:  execute <unnamed>: BEGIN
2024-04-18 20:08:53.636 UTC [176] LOG:  execute <unnamed>: insert into catalog (quantity,uni_code) values ($1,$2)
	RETURNING *
2024-04-18 20:08:53.636 UTC [176] DETAIL:  parameters: $1 = '0', $2 = 'Floppa_fat'
2024-04-18 20:08:53.657 UTC [176] LOG:  execute S_1: COMMIT
2024-04-18 20:08:53.660 UTC [176] LOG:  execute <unnamed>: BEGIN
2024-04-18 20:08:53.661 UTC [176] LOG:  execute <unnamed>: insert into catalog (quantity,uni_code) values ($1,$2)
	RETURNING *
2024-04-18 20:08:53.661 UTC [176] DETAIL:  parameters: $1 = NULL, $2 = NULL
2024-04-18 20:08:53.662 UTC [176] LOG:  execute S_1: COMMIT
2024-04-18 20:12:27.010 UTC [28] LOG:  checkpoint starting: time
2024-04-18 20:12:27.578 UTC [28] LOG:  checkpoint complete: wrote 5 buffers (0.0%); 0 WAL file(s) added, 0 removed, 0 recycled; write=0.473 s, sync=0.001 s, total=0.568 s; sync files=0, longest=0.000 s, average=0.000 s; distance=0 kB, estimate=0 kB; lsn=0/19B19B8, redo lsn=0/19B1980
2024-04-18 20:38:20.270 UTC [245] LOG:  execute <unnamed>: SET extra_float_digits = 3
2024-04-18 20:38:20.271 UTC [245] LOG:  execute <unnamed>: SET application_name = 'PostgreSQL JDBC Driver'
2024-04-18 20:38:20.904 UTC [246] LOG:  execute <unnamed>: SET extra_float_digits = 3
2024-04-18 20:38:20.905 UTC [246] LOG:  execute <unnamed>: SET application_name = 'PostgreSQL JDBC Driver'
2024-04-18 20:38:27.102 UTC [247] LOG:  execute <unnamed>: SET extra_float_digits = 3
2024-04-18 20:38:27.103 UTC [247] LOG:  execute <unnamed>: SET application_name = 'PostgreSQL JDBC Driver'
2024-04-18 20:38:27.131 UTC [248] LOG:  execute <unnamed>: SET extra_float_digits = 3
2024-04-18 20:38:27.132 UTC [248] LOG:  execute <unnamed>: SET application_name = 'PostgreSQL JDBC Driver'
2024-04-18 20:38:34.288 UTC [250] LOG:  execute <unnamed>: SET extra_float_digits = 3
2024-04-18 20:38:34.288 UTC [250] LOG:  execute <unnamed>: SET application_name = 'PostgreSQL JDBC Driver'
2024-04-18 20:38:38.148 UTC [251] LOG:  execute <unnamed>: SET extra_float_digits = 3
2024-04-18 20:38:38.148 UTC [251] LOG:  execute <unnamed>: SET application_name = 'PostgreSQL JDBC Driver'
2024-04-18 20:38:43.724 UTC [252] LOG:  execute <unnamed>: SET extra_float_digits = 3
2024-04-18 20:38:43.725 UTC [252] LOG:  execute <unnamed>: SET application_name = 'PostgreSQL JDBC Driver'
2024-04-18 20:38:44.123 UTC [253] LOG:  execute <unnamed>: SET extra_float_digits = 3
2024-04-18 20:38:44.124 UTC [253] LOG:  execute <unnamed>: SET application_name = 'PostgreSQL JDBC Driver'
2024-04-18 20:38:45.379 UTC [254] LOG:  execute <unnamed>: SET extra_float_digits = 3
2024-04-18 20:38:45.379 UTC [254] LOG:  execute <unnamed>: SET application_name = 'PostgreSQL JDBC Driver'
2024-04-18 20:38:47.834 UTC [255] LOG:  execute <unnamed>: SET extra_float_digits = 3
2024-04-18 20:38:47.835 UTC [255] LOG:  execute <unnamed>: SET application_name = 'PostgreSQL JDBC Driver'
2024-04-18 21:08:05.089 UTC [315] LOG:  execute <unnamed>: SET extra_float_digits = 3
2024-04-18 21:08:05.090 UTC [315] LOG:  execute <unnamed>: SET application_name = 'PostgreSQL JDBC Driver'
2024-04-18 21:08:08.725 UTC [316] LOG:  execute <unnamed>: SET extra_float_digits = 3
2024-04-18 21:08:08.726 UTC [316] LOG:  execute <unnamed>: SET application_name = 'PostgreSQL JDBC Driver'
2024-04-18 21:08:09.757 UTC [317] LOG:  execute <unnamed>: SET extra_float_digits = 3
2024-04-18 21:08:09.757 UTC [317] LOG:  execute <unnamed>: SET application_name = 'PostgreSQL JDBC Driver'
2024-04-18 21:08:11.879 UTC [318] LOG:  execute <unnamed>: SET extra_float_digits = 3
2024-04-18 21:08:11.880 UTC [318] LOG:  execute <unnamed>: SET application_name = 'PostgreSQL JDBC Driver'
2024-04-18 21:08:14.022 UTC [319] LOG:  execute <unnamed>: SET extra_float_digits = 3
2024-04-18 21:08:14.023 UTC [319] LOG:  execute <unnamed>: SET application_name = 'PostgreSQL JDBC Driver'
2024-04-18 21:08:16.042 UTC [320] LOG:  execute <unnamed>: SET extra_float_digits = 3
2024-04-18 21:08:16.043 UTC [320] LOG:  execute <unnamed>: SET application_name = 'PostgreSQL JDBC Driver'
2024-04-18 21:08:17.525 UTC [321] LOG:  execute <unnamed>: SET extra_float_digits = 3
2024-04-18 21:08:17.525 UTC [321] LOG:  execute <unnamed>: SET application_name = 'PostgreSQL JDBC Driver'
2024-04-18 21:08:18.817 UTC [322] LOG:  execute <unnamed>: SET extra_float_digits = 3
2024-04-18 21:08:18.817 UTC [322] LOG:  execute <unnamed>: SET application_name = 'PostgreSQL JDBC Driver'
2024-04-18 21:08:27.870 UTC [323] LOG:  execute <unnamed>: SET extra_float_digits = 3
2024-04-18 21:08:27.871 UTC [323] LOG:  execute <unnamed>: SET application_name = 'PostgreSQL JDBC Driver'
2024-04-18 21:08:41.103 UTC [325] LOG:  execute <unnamed>: SET extra_float_digits = 3
2024-04-18 21:08:41.104 UTC [325] LOG:  execute <unnamed>: SET application_name = 'PostgreSQL JDBC Driver'
2024-04-18 21:37:29.211 UTC [383] LOG:  execute <unnamed>: SET extra_float_digits = 3
2024-04-18 21:37:29.212 UTC [383] LOG:  execute <unnamed>: SET application_name = 'PostgreSQL JDBC Driver'
2024-04-18 21:37:44.734 UTC [385] LOG:  execute <unnamed>: SET extra_float_digits = 3
2024-04-18 21:37:44.735 UTC [385] LOG:  execute <unnamed>: SET application_name = 'PostgreSQL JDBC Driver'
2024-04-18 21:37:47.816 UTC [386] LOG:  execute <unnamed>: SET extra_float_digits = 3
2024-04-18 21:37:47.816 UTC [386] LOG:  execute <unnamed>: SET application_name = 'PostgreSQL JDBC Driver'
2024-04-18 21:37:48.776 UTC [387] LOG:  execute <unnamed>: SET extra_float_digits = 3
2024-04-18 21:37:48.777 UTC [387] LOG:  execute <unnamed>: SET application_name = 'PostgreSQL JDBC Driver'
2024-04-18 21:37:52.264 UTC [388] LOG:  execute <unnamed>: SET extra_float_digits = 3
2024-04-18 21:37:52.265 UTC [388] LOG:  execute <unnamed>: SET application_name = 'PostgreSQL JDBC Driver'
2024-04-18 21:37:52.434 UTC [389] LOG:  execute <unnamed>: SET extra_float_digits = 3
2024-04-18 21:37:52.436 UTC [389] LOG:  execute <unnamed>: SET application_name = 'PostgreSQL JDBC Driver'
2024-04-18 21:37:56.152 UTC [390] LOG:  execute <unnamed>: SET extra_float_digits = 3
2024-04-18 21:37:56.153 UTC [390] LOG:  execute <unnamed>: SET application_name = 'PostgreSQL JDBC Driver'
2024-04-18 21:37:58.892 UTC [391] LOG:  execute <unnamed>: SET extra_float_digits = 3
2024-04-18 21:37:58.892 UTC [391] LOG:  execute <unnamed>: SET application_name = 'PostgreSQL JDBC Driver'
2024-04-18 21:38:10.004 UTC [393] LOG:  execute <unnamed>: SET extra_float_digits = 3
2024-04-18 21:38:10.004 UTC [393] LOG:  execute <unnamed>: SET application_name = 'PostgreSQL JDBC Driver'
2024-04-18 21:38:39.073 UTC [395] LOG:  execute <unnamed>: SET extra_float_digits = 3
2024-04-18 21:38:39.074 UTC [395] LOG:  execute <unnamed>: SET application_name = 'PostgreSQL JDBC Driver'
2024-04-18 22:07:11.036 UTC [453] LOG:  execute <unnamed>: SET extra_float_digits = 3
2024-04-18 22:07:11.037 UTC [453] LOG:  execute <unnamed>: SET application_name = 'PostgreSQL JDBC Driver'
2024-04-18 22:07:14.898 UTC [454] LOG:  execute <unnamed>: SET extra_float_digits = 3
2024-04-18 22:07:14.898 UTC [454] LOG:  execute <unnamed>: SET application_name = 'PostgreSQL JDBC Driver'
2024-04-18 22:07:17.946 UTC [455] LOG:  execute <unnamed>: SET extra_float_digits = 3
2024-04-18 22:07:17.947 UTC [455] LOG:  execute <unnamed>: SET application_name = 'PostgreSQL JDBC Driver'
2024-04-18 22:07:24.535 UTC [456] LOG:  execute <unnamed>: SET extra_float_digits = 3
2024-04-18 22:07:24.536 UTC [456] LOG:  execute <unnamed>: SET application_name = 'PostgreSQL JDBC Driver'
2024-04-18 22:07:33.687 UTC [458] LOG:  execute <unnamed>: SET extra_float_digits = 3
2024-04-18 22:07:33.688 UTC [458] LOG:  execute <unnamed>: SET application_name = 'PostgreSQL JDBC Driver'
2024-04-18 22:07:33.986 UTC [459] LOG:  execute <unnamed>: SET extra_float_digits = 3
2024-04-18 22:07:33.986 UTC [459] LOG:  execute <unnamed>: SET application_name = 'PostgreSQL JDBC Driver'
2024-04-18 22:07:37.445 UTC [460] LOG:  execute <unnamed>: SET extra_float_digits = 3
2024-04-18 22:07:37.446 UTC [460] LOG:  execute <unnamed>: SET application_name = 'PostgreSQL JDBC Driver'
2024-04-18 22:07:41.024 UTC [461] LOG:  execute <unnamed>: SET extra_float_digits = 3
2024-04-18 22:07:41.024 UTC [461] LOG:  execute <unnamed>: SET application_name = 'PostgreSQL JDBC Driver'
2024-04-18 22:07:42.651 UTC [462] LOG:  execute <unnamed>: SET extra_float_digits = 3
2024-04-18 22:07:42.651 UTC [462] LOG:  execute <unnamed>: SET application_name = 'PostgreSQL JDBC Driver'
2024-04-18 22:08:37.568 UTC [465] LOG:  execute <unnamed>: SET extra_float_digits = 3
2024-04-18 22:08:37.569 UTC [465] LOG:  execute <unnamed>: SET application_name = 'PostgreSQL JDBC Driver'
2024-04-18 22:35:22.803 UTC [1] LOG:  received fast shutdown request
2024-04-18 22:35:22.805 UTC [1] LOG:  aborting any active transactions
2024-04-18 22:35:22.808 UTC [1] LOG:  background worker "logical replication launcher" (PID 33) exited with exit code 1
2024-04-18 22:35:22.808 UTC [28] LOG:  shutting down
2024-04-18 22:35:22.811 UTC [28] LOG:  checkpoint starting: shutdown immediate
2024-04-18 22:35:22.841 UTC [28] LOG:  checkpoint complete: wrote 0 buffers (0.0%); 0 WAL file(s) added, 0 removed, 0 recycled; write=0.005 s, sync=0.001 s, total=0.033 s; sync files=0, longest=0.000 s, average=0.000 s; distance=0 kB, estimate=0 kB; lsn=0/19B1A68, redo lsn=0/19B1A68
2024-04-18 22:35:22.850 UTC [1] LOG:  database system is shut down
