2024-04-18 12:50:02.932 UTC [1] LOG:  starting PostgreSQL 16.1 (Debian 16.1-1.pgdg120+1) on x86_64-pc-linux-gnu, compiled by gcc (Debian 12.2.0-14) 12.2.0, 64-bit
2024-04-18 12:50:02.932 UTC [1] LOG:  listening on IPv4 address "0.0.0.0", port 5432
2024-04-18 12:50:02.932 UTC [1] LOG:  listening on IPv6 address "::", port 5432
2024-04-18 12:50:02.934 UTC [1] LOG:  listening on Unix socket "/var/run/postgresql/.s.PGSQL.5432"
2024-04-18 12:50:02.954 UTC [29] LOG:  database system was interrupted; last known up at 2024-04-18 12:50:01 UTC
2024-04-18 12:50:02.959 UTC [29] LOG:  database system was not properly shut down; automatic recovery in progress
2024-04-18 12:50:02.980 UTC [29] LOG:  invalid record length at 0/1987AD8: expected at least 24, got 0
2024-04-18 12:50:02.980 UTC [29] LOG:  redo is not required
2024-04-18 12:50:03.003 UTC [27] LOG:  checkpoint starting: end-of-recovery immediate wait
2024-04-18 12:50:03.027 UTC [27] LOG:  checkpoint complete: wrote 3 buffers (0.0%); 0 WAL file(s) added, 0 removed, 0 recycled; write=0.009 s, sync=0.001 s, total=0.026 s; sync files=0, longest=0.000 s, average=0.000 s; distance=0 kB, estimate=0 kB; lsn=0/1987AD8, redo lsn=0/1987AD8
2024-04-18 12:50:03.033 UTC [1] LOG:  database system is ready to accept connections
2024-04-18 12:50:59.276 UTC [40] LOG:  statement: SELECT
	  d.datname as "Name",
	  pg_catalog.pg_get_userbyid(d.datdba) as "Owner",
	  pg_catalog.pg_encoding_to_char(d.encoding) as "Encoding",
	  CASE d.datlocprovider WHEN 'c' THEN 'libc' WHEN 'i' THEN 'icu' END AS "Locale Provider",
	  d.datcollate as "Collate",
	  d.datctype as "Ctype",
	  d.daticulocale as "ICU Locale",
	  d.daticurules as "ICU Rules",
	  pg_catalog.array_to_string(d.datacl, E'\n') AS "Access privileges"
	FROM pg_catalog.pg_database d
	ORDER BY 1;
2024-04-18 14:43:31.597 UTC [1] LOG:  received fast shutdown request
2024-04-18 14:43:31.602 UTC [1] LOG:  aborting any active transactions
2024-04-18 14:43:31.602 UTC [40] FATAL:  terminating connection due to administrator command
2024-04-18 14:43:31.604 UTC [1] LOG:  background worker "logical replication launcher" (PID 32) exited with exit code 1
2024-04-18 14:43:31.615 UTC [27] LOG:  shutting down
2024-04-18 14:43:31.617 UTC [27] LOG:  checkpoint starting: shutdown immediate
2024-04-18 14:43:31.641 UTC [27] LOG:  checkpoint complete: wrote 0 buffers (0.0%); 0 WAL file(s) added, 0 removed, 0 recycled; write=0.004 s, sync=0.001 s, total=0.026 s; sync files=0, longest=0.000 s, average=0.000 s; distance=0 kB, estimate=0 kB; lsn=0/1987B88, redo lsn=0/1987B88
2024-04-18 14:43:31.651 UTC [1] LOG:  database system is shut down
