2024-04-18 18:54:17.492 UTC [1] LOG:  starting PostgreSQL 16.1 (Debian 16.1-1.pgdg120+1) on x86_64-pc-linux-gnu, compiled by gcc (Debian 12.2.0-14) 12.2.0, 64-bit
2024-04-18 18:54:17.492 UTC [1] LOG:  listening on IPv4 address "0.0.0.0", port 5432
2024-04-18 18:54:17.492 UTC [1] LOG:  listening on IPv6 address "::", port 5432
2024-04-18 18:54:17.497 UTC [1] LOG:  listening on Unix socket "/var/run/postgresql/.s.PGSQL.5432"
2024-04-18 18:54:17.522 UTC [30] LOG:  database system was shut down at 2024-04-18 18:54:06 UTC
2024-04-18 18:54:17.556 UTC [1] LOG:  database system is ready to accept connections
2024-04-18 18:54:29.961 UTC [34] LOG:  execute <unnamed>: SET extra_float_digits = 3
2024-04-18 18:54:29.962 UTC [34] LOG:  execute <unnamed>: SET application_name = 'PostgreSQL JDBC Driver'
2024-04-18 18:54:29.991 UTC [34] LOG:  execute <unnamed>: SHOW TRANSACTION ISOLATION LEVEL
2024-04-18 18:54:30.027 UTC [34] LOG:  execute <unnamed>: select string_agg(word, ',') from pg_catalog.pg_get_keywords() where word <> ALL ('{a,abs,absolute,action,ada,add,admin,after,all,allocate,alter,always,and,any,are,array,as,asc,asensitive,assertion,assignment,asymmetric,at,atomic,attribute,attributes,authorization,avg,before,begin,bernoulli,between,bigint,binary,blob,boolean,both,breadth,by,c,call,called,cardinality,cascade,cascaded,case,cast,catalog,catalog_name,ceil,ceiling,chain,char,char_length,character,character_length,character_set_catalog,character_set_name,character_set_schema,characteristics,characters,check,checked,class_origin,clob,close,coalesce,cobol,code_units,collate,collation,collation_catalog,collation_name,collation_schema,collect,column,column_name,command_function,command_function_code,commit,committed,condition,condition_number,connect,connection_name,constraint,constraint_catalog,constraint_name,constraint_schema,constraints,constructors,contains,continue,convert,corr,corresponding,count,covar_pop,covar_samp,create,cross,cube,cume_dist,current,current_collation,current_date,current_default_transform_group,current_path,current_role,current_time,current_timestamp,current_transform_group_for_type,current_user,cursor,cursor_name,cycle,data,date,datetime_interval_code,datetime_interval_precision,day,deallocate,dec,decimal,declare,default,defaults,deferrable,deferred,defined,definer,degree,delete,dense_rank,depth,deref,derived,desc,describe,descriptor,deterministic,diagnostics,disconnect,dispatch,distinct,domain,double,drop,dynamic,dynamic_function,dynamic_function_code,each,element,else,end,end-exec,equals,escape,every,except,exception,exclude,excluding,exec,execute,exists,exp,external,extract,false,fetch,filter,final,first,float,floor,following,for,foreign,fortran,found,free,from,full,function,fusion,g,general,get,global,go,goto,grant,granted,group,grouping,having,hierarchy,hold,hour,identity,immediate,implementation,in,including,increment,indicator,initially,inner,inout,input,insensitive,insert,instance,instantiable,int,integer,intersect,intersection,interval,into,invoker,is,isolation,join,k,key,key_member,key_type,language,large,last,lateral,leading,left,length,level,like,ln,local,localtime,localtimestamp,locator,lower,m,map,match,matched,max,maxvalue,member,merge,message_length,message_octet_length,message_text,method,min,minute,minvalue,mod,modifies,module,month,more,multiset,mumps,name,names,national,natural,nchar,nclob,nesting,new,next,no,none,normalize,normalized,not,"null",nullable,nullif,nulls,number,numeric,object,octet_length,octets,of,old,on,only,open,option,options,or,order,ordering,ordinality,others,out,outer,output,over,overlaps,overlay,overriding,pad,parameter,parameter_mode,parameter_name,parameter_ordinal_position,parameter_specific_catalog,parameter_specific_name,parameter_specific_schema,partial,partition,pascal,path,percent_rank,percentile_cont,percentile_disc,placing,pli,position,power,preceding,precision,prepare,preserve,primary,prior,privileges,procedure,public,range,rank,read,reads,real,recursive,ref,references,referencing,regr_avgx,regr_avgy,regr_count,regr_intercept,regr_r2,regr_slope,regr_sxx,regr_sxy,regr_syy,relative,release,repeatable,restart,result,return,returned_cardinality,returned_length,returned_octet_length,returned_sqlstate,returns,revoke,right,role,rollback,rollup,routine,routine_catalog,routine_name,routine_schema,row,row_count,row_number,rows,savepoint,scale,schema,schema_name,scope_catalog,scope_name,scope_schema,scroll,search,second,section,security,select,self,sensitive,sequence,serializable,server_name,session,session_user,set,sets,similar,simple,size,smallint,some,source,space,specific,specific_name,specifictype,sql,sqlexception,sqlstate,sqlwarning,sqrt,start,state,statement,static,stddev_pop,stddev_samp,structure,style,subclass_origin,submultiset,substring,sum,symmetric,system,system_user,table,table_name,tablesample,temporary,then,ties,time,timestamp,timezone_hour,timezone_minute,to,top_level_count,trailing,transaction,transaction_active,transactions_committed,transactions_rolled_back,transform,transforms,translate,translation,treat,trigger,trigger_catalog,trigger_name,trigger_schema,trim,true,type,uescape,unbounded,uncommitted,under,union,unique,unknown,unnamed,unnest,update,upper,usage,user,user_defined_type_catalog,user_defined_type_code,user_defined_type_name,user_defined_type_schema,using,value,values,var_pop,var_samp,varchar,varying,view,when,whenever,where,width_bucket,window,with,within,without,work,write,year,zone}'::text[])
2024-04-18 18:54:30.053 UTC [34] LOG:  execute <unnamed>: select current_schema()
2024-04-18 18:54:30.056 UTC [34] LOG:  execute <unnamed>: select current_schema()
2024-04-18 18:54:30.132 UTC [35] LOG:  execute <unnamed>: SET extra_float_digits = 3
2024-04-18 18:54:30.132 UTC [35] LOG:  execute <unnamed>: SET application_name = 'PostgreSQL JDBC Driver'
2024-04-18 18:54:30.184 UTC [36] LOG:  execute <unnamed>: SET extra_float_digits = 3
2024-04-18 18:54:30.185 UTC [36] LOG:  execute <unnamed>: SET application_name = 'PostgreSQL JDBC Driver'
2024-04-18 18:54:30.225 UTC [37] LOG:  execute <unnamed>: SET extra_float_digits = 3
2024-04-18 18:54:30.226 UTC [37] LOG:  execute <unnamed>: SET application_name = 'PostgreSQL JDBC Driver'
2024-04-18 18:54:30.268 UTC [38] LOG:  execute <unnamed>: SET extra_float_digits = 3
2024-04-18 18:54:30.269 UTC [38] LOG:  execute <unnamed>: SET application_name = 'PostgreSQL JDBC Driver'
2024-04-18 18:54:30.309 UTC [39] LOG:  execute <unnamed>: SET extra_float_digits = 3
2024-04-18 18:54:30.310 UTC [39] LOG:  execute <unnamed>: SET application_name = 'PostgreSQL JDBC Driver'
2024-04-18 18:54:30.340 UTC [40] LOG:  execute <unnamed>: SET extra_float_digits = 3
2024-04-18 18:54:30.341 UTC [40] LOG:  execute <unnamed>: SET application_name = 'PostgreSQL JDBC Driver'
2024-04-18 18:54:30.373 UTC [41] LOG:  execute <unnamed>: SET extra_float_digits = 3
2024-04-18 18:54:30.374 UTC [41] LOG:  execute <unnamed>: SET application_name = 'PostgreSQL JDBC Driver'
2024-04-18 18:54:30.401 UTC [42] LOG:  execute <unnamed>: SET extra_float_digits = 3
2024-04-18 18:54:30.402 UTC [42] LOG:  execute <unnamed>: SET application_name = 'PostgreSQL JDBC Driver'
2024-04-18 18:54:30.434 UTC [43] LOG:  execute <unnamed>: SET extra_float_digits = 3
2024-04-18 18:54:30.435 UTC [43] LOG:  execute <unnamed>: SET application_name = 'PostgreSQL JDBC Driver'
2024-04-18 18:54:30.659 UTC [34] LOG:  execute <unnamed>: select * from information_schema.sequences
2024-04-18 18:54:30.674 UTC [34] LOG:  execute <unnamed>: SELECT NULL AS TABLE_CAT, n.nspname AS TABLE_SCHEM, c.relname AS TABLE_NAME,  CASE n.nspname ~ '^pg_' OR n.nspname = 'information_schema'  WHEN true THEN CASE  WHEN n.nspname = 'pg_catalog' OR n.nspname = 'information_schema' THEN CASE c.relkind   WHEN 'r' THEN 'SYSTEM TABLE'   WHEN 'v' THEN 'SYSTEM VIEW'   WHEN 'i' THEN 'SYSTEM INDEX'   ELSE NULL   END  WHEN n.nspname = 'pg_toast' THEN CASE c.relkind   WHEN 'r' THEN 'SYSTEM TOAST TABLE'   WHEN 'i' THEN 'SYSTEM TOAST INDEX'   ELSE NULL   END  ELSE CASE c.relkind   WHEN 'r' THEN 'TEMPORARY TABLE'   WHEN 'p' THEN 'TEMPORARY TABLE'   WHEN 'i' THEN 'TEMPORARY INDEX'   WHEN 'S' THEN 'TEMPORARY SEQUENCE'   WHEN 'v' THEN 'TEMPORARY VIEW'   ELSE NULL   END  END  WHEN false THEN CASE c.relkind  WHEN 'r' THEN 'TABLE'  WHEN 'p' THEN 'PARTITIONED TABLE'  WHEN 'i' THEN 'INDEX'  WHEN 'P' then 'PARTITIONED INDEX'  WHEN 'S' THEN 'SEQUENCE'  WHEN 'v' THEN 'VIEW'  WHEN 'c' THEN 'TYPE'  WHEN 'f' THEN 'FOREIGN TABLE'  WHEN 'm' THEN 'MATERIALIZED VIEW'  ELSE NULL  END  ELSE NULL  END  AS TABLE_TYPE, d.description AS REMARKS,  '' as TYPE_CAT, '' as TYPE_SCHEM, '' as TYPE_NAME, '' AS SELF_REFERENCING_COL_NAME, '' AS REF_GENERATION  FROM pg_catalog.pg_namespace n, pg_catalog.pg_class c  LEFT JOIN pg_catalog.pg_description d ON (c.oid = d.objoid AND d.objsubid = 0  and d.classoid = 'pg_class'::regclass)  WHERE c.relnamespace = n.oid  AND n.nspname LIKE 'public' AND c.relname LIKE '%' AND (false  OR ( c.relkind = 'r' AND n.nspname !~ '^pg_' AND n.nspname <> 'information_schema' )  OR ( c.relkind = 'v' AND n.nspname <> 'pg_catalog' AND n.nspname <> 'information_schema' )  OR ( c.relkind = 'm' )  OR ( c.relkind = 'p' AND n.nspname !~ '^pg_' AND n.nspname <> 'information_schema' ) )  ORDER BY TABLE_TYPE,TABLE_SCHEM,TABLE_NAME 
2024-04-18 18:54:30.683 UTC [34] LOG:  execute <unnamed>: SELECT * FROM (SELECT n.nspname,c.relname,a.attname,a.atttypid,a.attnotnull OR (t.typtype = 'd' AND t.typnotnull) AS attnotnull,a.atttypmod,a.attlen,t.typtypmod,row_number() OVER (PARTITION BY a.attrelid ORDER BY a.attnum) AS attnum, nullif(a.attidentity, '') as attidentity,nullif(a.attgenerated, '') as attgenerated,pg_catalog.pg_get_expr(def.adbin, def.adrelid) AS adsrc,dsc.description,t.typbasetype,t.typtype  FROM pg_catalog.pg_namespace n  JOIN pg_catalog.pg_class c ON (c.relnamespace = n.oid)  JOIN pg_catalog.pg_attribute a ON (a.attrelid=c.oid)  JOIN pg_catalog.pg_type t ON (a.atttypid = t.oid)  LEFT JOIN pg_catalog.pg_attrdef def ON (a.attrelid=def.adrelid AND a.attnum = def.adnum)  LEFT JOIN pg_catalog.pg_description dsc ON (c.oid=dsc.objoid AND a.attnum = dsc.objsubid)  LEFT JOIN pg_catalog.pg_class dc ON (dc.oid=dsc.classoid AND dc.relname='pg_class')  LEFT JOIN pg_catalog.pg_namespace dn ON (dc.relnamespace=dn.oid AND dn.nspname='pg_catalog')  WHERE c.relkind in ('r','p','v','f','m') and a.attnum > 0 AND NOT a.attisdropped  AND n.nspname LIKE 'public') c WHERE true  AND attname LIKE '%' ORDER BY nspname,c.relname,attnum 
2024-04-18 18:59:17.621 UTC [28] LOG:  checkpoint starting: time
2024-04-18 18:59:17.658 UTC [28] LOG:  checkpoint complete: wrote 3 buffers (0.0%); 0 WAL file(s) added, 0 removed, 0 recycled; write=0.010 s, sync=0.001 s, total=0.037 s; sync files=0, longest=0.000 s, average=0.000 s; distance=0 kB, estimate=0 kB; lsn=0/19B14D8, redo lsn=0/19B14A0
2024-04-18 19:11:11.441 UTC [1] LOG:  received fast shutdown request
2024-04-18 19:11:11.443 UTC [1] LOG:  aborting any active transactions
2024-04-18 19:11:11.443 UTC [42] FATAL:  terminating connection due to administrator command
2024-04-18 19:11:11.443 UTC [41] FATAL:  terminating connection due to administrator command
2024-04-18 19:11:11.443 UTC [43] FATAL:  terminating connection due to administrator command
2024-04-18 19:11:11.443 UTC [40] FATAL:  terminating connection due to administrator command
2024-04-18 19:11:11.443 UTC [39] FATAL:  terminating connection due to administrator command
2024-04-18 19:11:11.443 UTC [37] FATAL:  terminating connection due to administrator command
2024-04-18 19:11:11.443 UTC [38] FATAL:  terminating connection due to administrator command
2024-04-18 19:11:11.443 UTC [36] FATAL:  terminating connection due to administrator command
2024-04-18 19:11:11.443 UTC [35] FATAL:  terminating connection due to administrator command
2024-04-18 19:11:11.443 UTC [34] FATAL:  terminating connection due to administrator command
2024-04-18 19:11:11.448 UTC [1] LOG:  background worker "logical replication launcher" (PID 33) exited with exit code 1
2024-04-18 19:11:11.470 UTC [28] LOG:  shutting down
2024-04-18 19:11:11.471 UTC [28] LOG:  checkpoint starting: shutdown immediate
2024-04-18 19:11:11.497 UTC [28] LOG:  checkpoint complete: wrote 0 buffers (0.0%); 0 WAL file(s) added, 0 removed, 0 recycled; write=0.005 s, sync=0.001 s, total=0.028 s; sync files=0, longest=0.000 s, average=0.000 s; distance=0 kB, estimate=0 kB; lsn=0/19B1588, redo lsn=0/19B1588
2024-04-18 19:11:11.513 UTC [1] LOG:  database system is shut down
