2024-04-21 14:35:32.798 UTC [1] LOG:  starting PostgreSQL 16.1 (Debian 16.1-1.pgdg120+1) on x86_64-pc-linux-gnu, compiled by gcc (Debian 12.2.0-14) 12.2.0, 64-bit
2024-04-21 14:35:32.798 UTC [1] LOG:  listening on IPv4 address "0.0.0.0", port 5432
2024-04-21 14:35:32.798 UTC [1] LOG:  listening on IPv6 address "::", port 5432
2024-04-21 14:35:32.804 UTC [1] LOG:  listening on Unix socket "/var/run/postgresql/.s.PGSQL.5432"
2024-04-21 14:35:32.854 UTC [30] LOG:  database system was interrupted; last known up at 2024-04-21 14:35:31 UTC
2024-04-21 14:35:32.864 UTC [30] LOG:  database system was not properly shut down; automatic recovery in progress
2024-04-21 14:35:32.920 UTC [30] LOG:  invalid record length at 0/19B27C0: expected at least 24, got 0
2024-04-21 14:35:32.920 UTC [30] LOG:  redo is not required
2024-04-21 14:35:32.970 UTC [28] LOG:  checkpoint starting: end-of-recovery immediate wait
2024-04-21 14:35:33.025 UTC [28] LOG:  checkpoint complete: wrote 3 buffers (0.0%); 0 WAL file(s) added, 0 removed, 0 recycled; write=0.018 s, sync=0.001 s, total=0.057 s; sync files=0, longest=0.000 s, average=0.000 s; distance=0 kB, estimate=0 kB; lsn=0/19B27C0, redo lsn=0/19B27C0
2024-04-21 14:35:33.045 UTC [1] LOG:  database system is ready to accept connections
2024-04-21 14:36:11.944 UTC [1] LOG:  received fast shutdown request
2024-04-21 14:36:11.952 UTC [1] LOG:  aborting any active transactions
2024-04-21 14:36:11.958 UTC [1] LOG:  background worker "logical replication launcher" (PID 33) exited with exit code 1
2024-04-21 14:36:11.962 UTC [28] LOG:  shutting down
2024-04-21 14:36:11.969 UTC [28] LOG:  checkpoint starting: shutdown immediate
2024-04-21 14:36:12.040 UTC [28] PANIC:  could not open file "pg_logical/replorigin_checkpoint": No such file or directory
2024-04-21 14:36:12.070 UTC [1] LOG:  checkpointer process (PID 28) was terminated by signal 6: Aborted
2024-04-21 14:36:12.070 UTC [1] LOG:  terminating any other active server processes
2024-04-21 14:36:12.070 UTC [1] LOG:  abnormal database system shutdown
2024-04-21 14:36:12.082 UTC [1] LOG:  database system is shut down
